    Checking pochinki v0.1.0 (/Users/arthur/serverrustc/pochinki)
error[E0583]: file not found for module `brawlers_test`
 --> src/application/use_cases/mod.rs:9:1
  |
9 | pub(crate) mod brawlers_test;
  | ^^^^^^^^^^^^^^^^^^^^^^^^^^^^^
  |
  = help: to create the module `brawlers_test`, create file "src/application/use_cases/brawlers_test.rs" or "src/application/use_cases/brawlers_test/mod.rs"
  = note: if there is a `mod brawlers_test` elsewhere in the crate already, import it with `use crate::...` instead

error[E0583]: file not found for module `crew_operation_test`
  --> src/application/use_cases/mod.rs:10:1
   |
10 | pub(crate) mod crew_operation_test;
   | ^^^^^^^^^^^^^^^^^^^^^^^^^^^^^^^^^^^
   |
   = help: to create the module `crew_operation_test`, create file "src/application/use_cases/crew_operation_test.rs" or "src/application/use_cases/crew_operation_test/mod.rs"
   = note: if there is a `mod crew_operation_test` elsewhere in the crate already, import it with `use crate::...` instead

error[E0583]: file not found for module `mission_management_test`
  --> src/application/use_cases/mod.rs:11:1
   |
11 | pub(crate) mod mission_management_test;
   | ^^^^^^^^^^^^^^^^^^^^^^^^^^^^^^^^^^^^^^^
   |
   = help: to create the module `mission_management_test`, create file "src/application/use_cases/mission_management_test.rs" or "src/application/use_cases/mission_management_test/mod.rs"
   = note: if there is a `mod mission_management_test` elsewhere in the crate already, import it with `use crate::...` instead

error[E0583]: file not found for module `mission_operation_test`
  --> src/application/use_cases/mod.rs:12:1
   |
12 | pub(crate) mod mission_operation_test;
   | ^^^^^^^^^^^^^^^^^^^^^^^^^^^^^^^^^^^^^^
   |
   = help: to create the module `mission_operation_test`, create file "src/application/use_cases/mission_operation_test.rs" or "src/application/use_cases/mission_operation_test/mod.rs"
   = note: if there is a `mod mission_operation_test` elsewhere in the crate already, import it with `use crate::...` instead

error[E0583]: file not found for module `mission_viewing_test`
  --> src/application/use_cases/mod.rs:13:1
   |
13 | pub(crate) mod mission_viewing_test;
   | ^^^^^^^^^^^^^^^^^^^^^^^^^^^^^^^^^^^^
   |
   = help: to create the module `mission_viewing_test`, create file "src/application/use_cases/mission_viewing_test.rs" or "src/application/use_cases/mission_viewing_test/mod.rs"
   = note: if there is a `mod mission_viewing_test` elsewhere in the crate already, import it with `use crate::...` instead

error: `self` parameter is only allowed in associated functions
  --> src/infrastructure/database/repositories/mission_management.rs:23:14
   |
23 | async fn add(&self, add_mission_entity: AddMissionEntity) -> Result<i32> {
   |              ^^^^^ not semantically valid as function parameter
   |
   = note: associated functions are those in `impl` or `trait` definitions

error: `self` parameter is only allowed in associated functions
  --> src/infrastructure/database/repositories/mission_management.rs:33:15
   |
33 | async fn edit(&self, mission_id: i32, edit_mission_entity: EditMissionEntity) -> Result<i32> {
   |               ^^^^^ not semantically valid as function parameter
   |
   = note: associated functions are those in `impl` or `trait` definitions

error: `self` parameter is only allowed in associated functions
  --> src/infrastructure/database/repositories/mission_management.rs:45:17
   |
45 | async fn remove(&self, mission_id: i32, chief_id: i32) -> Result<()> {
   |                 ^^^^^ not semantically valid as function parameter
   |
   = note: associated functions are those in `impl` or `trait` definitions

error[E0432]: unresolved import `crate::domain::value_objects::crew_membership`
  --> src/application/use_cases/test_utils.rs:20:5
   |
20 |     crew_membership::CrewMemberShips,
   |     ^^^^^^^^^^^^^^^ could not find `crew_membership` in `value_objects`

error[E0432]: unresolved import `argon2::password_hash::rand_core::OsRng`
  --> src/infrastructure/argon2/mod.rs:3:81
   |
 3 |     password_hash::{PasswordHash, PasswordHasher, PasswordVerifier, SaltString, rand_core::OsRng},
   |                                                                                 ^^^^^^^^^^^^^^^^ no `OsRng` in the root
   |
note: found an item that was configured out
  --> /Users/arthur/.cargo/registry/src/index.crates.io-1949cf8c6b5b557f/rand_core-0.6.4/src/lib.rs:49:43
   |
49 | #[cfg(feature = "getrandom")] pub use os::OsRng;
   |       ---------------------               ^^^^^
   |       |
   |       the item is gated behind the `getrandom` feature

error[E0432]: unresolved import `mockall`
 --> src/application/use_cases/test_utils.rs:1:5
  |
1 | use mockall::mock;
  |     ^^^^^^^ use of unresolved module or unlinked crate `mockall`
  |
  = help: if you wanted to use a crate named `mockall`, use `cargo add mockall` to add it to your `Cargo.toml`

error[E0412]: cannot find type `RegisterBrawlerModel` in this scope
  --> src/application/use_cases/brawlers.rs:19:62
   |
19 |     pub async fn register(&self, mut register_brawler_model: RegisterBrawlerModel) -> Result<i32> {
   |                                                              ^^^^^^^^^^^^^^^^^^^^ not found in this scope
   |
help: consider importing this struct
   |
 1 + use crate::domain::value_objects::brawler_model::RegisterBrawlerModel;
   |

error[E0412]: cannot find type `MissionModel` in this scope
  --> src/domain/entities/missions.rs:19:48
   |
19 |     pub fn to_model(&self, crew_count: i64) -> MissionModel {
   |                                                ^^^^^^^^^^^^ not found in this scope
   |
help: consider importing this struct
   |
 1 + use crate::domain::value_objects::mission_model::MissionModel;
   |

error[E0422]: cannot find struct, variant or union type `MissionModel` in this scope
  --> src/domain/entities/missions.rs:20:9
   |
20 |         MissionModel {
   |         ^^^^^^^^^^^^ not found in this scope
   |
help: consider importing this struct
   |
 1 + use crate::domain::value_objects::mission_model::MissionModel;
   |

error[E0412]: cannot find type `RegisterBrawlerEntity` in this scope
 --> src/domain/repositories/brawlers.rs:9:55
  |
9 |     async fn register(&self, register_brawler_entity: RegisterBrawlerEntity) -> Result<i32>;
  |                                                       ^^^^^^^^^^^^^^^^^^^^^ not found in this scope
  |
help: consider importing this struct
  |
1 + use crate::domain::entities::brawlers::RegisterBrawlerEntity;
  |

error[E0412]: cannot find type `BrawlerEntity` in this scope
  --> src/domain/repositories/brawlers.rs:10:66
   |
10 |     async fn find_by_username(&self, username: String) -> Result<BrawlerEntity>;
   |                                                                  ^^^^^^^^^^^^^ not found in this scope
   |
help: consider importing this struct
   |
 1 + use crate::domain::entities::brawlers::BrawlerEntity;
   |

error[E0412]: cannot find type `AddMissionEntity` in this scope
 --> src/domain/repositories/mission_management.rs:9:45
  |
9 |     async fn add(&self, add_mission_entity: AddMissionEntity) -> Result<i32>;
  |                                             ^^^^^^^^^^^^^^^^ not found in this scope
  |
help: consider importing this struct
  |
1 + use crate::domain::entities::missions::AddMissionEntity;
  |

error[E0412]: cannot find type `EditMissionEntity` in this scope
  --> src/domain/repositories/mission_management.rs:10:64
   |
10 |     async fn edit(&self, mission_id: i32, edit_mission_entity: EditMissionEntity) -> Result<i32>;
   |                                                                ^^^^^^^^^^^^^^^^^ not found in this scope
   |
help: consider importing this struct
   |
 1 + use crate::domain::entities::missions::EditMissionEntity;
   |

error[E0412]: cannot find type `MissionEntity` in this scope
 --> src/domain/repositories/mission_viewing.rs:9:60
  |
9 |     async fn view_detail(&self, mission_id: i32) -> Result<MissionEntity>;
  |                                                            ^^^^^^^^^^^^^ not found in this scope
  |
help: consider importing this struct
  |
1 + use crate::domain::entities::missions::MissionEntity;
  |

error[E0412]: cannot find type `MissionFilter` in this scope
  --> src/domain/repositories/mission_viewing.rs:10:34
   |
10 |     async fn get(&self, filter: &MissionFilter) -> Result<Vec<MissionEntity>>;
   |                                  ^^^^^^^^^^^^^ not found in this scope
   |
help: consider importing this struct
   |
 1 + use crate::domain::value_objects::mission_filter::MissionFilter;
   |

error[E0412]: cannot find type `MissionEntity` in this scope
  --> src/domain/repositories/mission_viewing.rs:10:63
   |
10 |     async fn get(&self, filter: &MissionFilter) -> Result<Vec<MissionEntity>>;
   |                                                               ^^^^^^^^^^^^^ not found in this scope
   |
help: consider importing this struct
   |
 1 + use crate::domain::entities::missions::MissionEntity;
   |

error[E0412]: cannot find type `PgPoolSquad` in this scope
 --> src/infrastructure/database/repositories/mission_management.rs:8:18
  |
8 |     db_pool: Arc<PgPoolSquad>,
  |                  ^^^^^^^^^^^ not found in this scope
  |
help: consider importing this type alias
  |
1 + use crate::infrastructure::database::postgresql_connection::PgPoolSquad;
  |

error[E0412]: cannot find type `PgPoolSquad` in this scope
  --> src/infrastructure/database/repositories/mission_management.rs:12:29
   |
12 |     pub fn new(db_pool: Arc<PgPoolSquad>) -> Self {
   |                             ^^^^^^^^^^^ not found in this scope
   |
help: consider importing this type alias
   |
 1 + use crate::infrastructure::database::postgresql_connection::PgPoolSquad;
   |

error[E0405]: cannot find trait `MissionManagementRepository` in this scope
  --> src/infrastructure/database/repositories/mission_management.rs:18:6
   |
18 | impl MissionManagementRepository for MisssionManagementPostgres {
   |      ^^^^^^^^^^^^^^^^^^^^^^^^^^^ not found in this scope
   |
help: consider importing this trait
   |
 1 + use crate::domain::repositories::mission_management::MissionManagementRepository;
   |

error[E0412]: cannot find type `AddMissionEntity` in this scope
  --> src/infrastructure/database/repositories/mission_management.rs:19:45
   |
19 |     async fn add(&self, add_mission_entity: AddMissionEntity) -> Result<i32> {}
   |                                             ^^^^^^^^^^^^^^^^ not found in this scope
   |
help: consider importing this struct
   |
 1 + use crate::domain::entities::missions::AddMissionEntity;
   |

error[E0412]: cannot find type `EditMissionEntity` in this scope
  --> src/infrastructure/database/repositories/mission_management.rs:20:64
   |
20 |     async fn edit(&self, mission_id: i32, edit_mission_entity: EditMissionEntity) -> Result<i32> {}
   |                                                                ^^^^^^^^^^^^^^^^^ not found in this scope
   |
help: consider importing this struct
   |
 1 + use crate::domain::entities::missions::EditMissionEntity;
   |

error[E0412]: cannot find type `AddMissionEntity` in this scope
  --> src/infrastructure/database/repositories/mission_management.rs:23:41
   |
23 | async fn add(&self, add_mission_entity: AddMissionEntity) -> Result<i32> {
   |                                         ^^^^^^^^^^^^^^^^ not found in this scope
   |
help: consider importing this struct
   |
 1 + use crate::domain::entities::missions::AddMissionEntity;
   |

error[E0425]: cannot find function `insert_into` in this scope
  --> src/infrastructure/database/repositories/mission_management.rs:26:22
   |
26 |         let result = insert_into(missions::table)
   |                      ^^^^^^^^^^^ not found in this scope
   |
help: consider importing this function
   |
 1 + use diesel::insert_into;
   |

error[E0412]: cannot find type `EditMissionEntity` in this scope
  --> src/infrastructure/database/repositories/mission_management.rs:33:60
   |
33 | async fn edit(&self, mission_id: i32, edit_mission_entity: EditMissionEntity) -> Result<i32> {
   |                                                            ^^^^^^^^^^^^^^^^^ not found in this scope
   |
help: consider importing this struct
   |
 1 + use crate::domain::entities::missions::EditMissionEntity;
   |

error[E0433]: failed to resolve: use of undeclared type `MissionStatuses`
  --> src/infrastructure/database/repositories/mission_management.rs:38:41
   |
38 |             .filter(missions::status.eq(MissionStatuses::Open.to_string()))
   |                                         ^^^^^^^^^^^^^^^ use of undeclared type `MissionStatuses`
   |
help: consider importing this enum
   |
 1 + use crate::domain::value_objects::mission_statuses::MissionStatuses;
   |

error[E0433]: failed to resolve: use of undeclared type `MissionStatuses`
  --> src/infrastructure/database/repositories/mission_management.rs:50:41
   |
50 |             .filter(missions::status.eq(MissionStatuses::Open.to_string()))
   |                                         ^^^^^^^^^^^^^^^ use of undeclared type `MissionStatuses`
   |
help: consider importing this enum
   |
 1 + use crate::domain::value_objects::mission_statuses::MissionStatuses;
   |

warning: unused import: `std::sync::Arc`
 --> src/application/use_cases/test_utils.rs:2:5
  |
2 | use std::sync::Arc;
  |     ^^^^^^^^^^^^^^
  |
  = note: `#[warn(unused_imports)]` on by default

warning: unused import: `anyhow::Result`
 --> src/application/use_cases/test_utils.rs:3:5
  |
3 | use anyhow::Result;
  |     ^^^^^^^^^^^^^^

warning: unused import: `async_trait::async_trait`
 --> src/application/use_cases/test_utils.rs:4:5
  |
4 | use async_trait::async_trait;
  |     ^^^^^^^^^^^^^^^^^^^^^^^^

warning: unused imports: `crew_operation::CrewOperationRepository`, `mission_management::MissionManagementRepository`, `mission_operation::MissionOperationRepository`, `mission_viewing::MissionViewingRepository`, and `transaction_provider::TransactionProvider`
  --> src/application/use_cases/test_utils.rs:7:5
   |
 7 |     mission_operation::MissionOperationRepository,
   |     ^^^^^^^^^^^^^^^^^^^^^^^^^^^^^^^^^^^^^^^^^^^^^
 8 |     mission_viewing::MissionViewingRepository,
   |     ^^^^^^^^^^^^^^^^^^^^^^^^^^^^^^^^^^^^^^^^^
 9 |     crew_operation::CrewOperationRepository,
   |     ^^^^^^^^^^^^^^^^^^^^^^^^^^^^^^^^^^^^^^^
10 |     transaction_provider::TransactionProvider,
   |     ^^^^^^^^^^^^^^^^^^^^^^^^^^^^^^^^^^^^^^^^^
11 |     mission_management::MissionManagementRepository,
   |     ^^^^^^^^^^^^^^^^^^^^^^^^^^^^^^^^^^^^^^^^^^^^^^^

warning: unused imports: `BrawlerEntity`, `RegisterBrawlerEntity`, and `missions::MissionEntity`
  --> src/application/use_cases/test_utils.rs:14:5
   |
14 |     missions::MissionEntity,
   |     ^^^^^^^^^^^^^^^^^^^^^^^
15 |     brawlers::{BrawlerEntity, RegisterBrawlerEntity},
   |                ^^^^^^^^^^^^^  ^^^^^^^^^^^^^^^^^^^^^

warning: unused imports: `AddMissionModel`, `EditMissionModel`, `brawler_model::RegisterBrawlerModel`, and `mission_filter::MissionFilter`
  --> src/application/use_cases/test_utils.rs:18:5
   |
18 |     mission_filter::MissionFilter,
   |     ^^^^^^^^^^^^^^^^^^^^^^^^^^^^^
19 |     mission_model::{AddMissionModel, EditMissionModel},
   |                     ^^^^^^^^^^^^^^^  ^^^^^^^^^^^^^^^^
20 |     crew_membership::CrewMemberShips,
21 |     brawler_model::RegisterBrawlerModel,
   |     ^^^^^^^^^^^^^^^^^^^^^^^^^^^^^^^^^^^

warning: unused imports: `ConnectionManager` and `PooledConnection`
  --> src/application/use_cases/test_utils.rs:23:20
   |
23 | use diesel::r2d2::{ConnectionManager, PooledConnection};
   |                    ^^^^^^^^^^^^^^^^^  ^^^^^^^^^^^^^^^^

warning: unused import: `diesel::PgConnection`
  --> src/application/use_cases/test_utils.rs:24:5
   |
24 | use diesel::PgConnection;
   |     ^^^^^^^^^^^^^^^^^^^^

error[E0107]: enum takes 2 generic arguments but 1 generic argument was supplied
   --> src/infrastructure/argon2/mod.rs:6:34
    |
  6 | pub fn hash(password: String) -> Result<String> {
    |                                  ^^^^^^ ------ supplied 1 generic argument
    |                                  |
    |                                  expected 2 generic arguments
    |
note: enum defined here, with 2 generic parameters: `T`, `E`
   --> /Users/arthur/.rustup/toolchains/stable-aarch64-apple-darwin/lib/rustlib/src/rust/library/core/src/result.rs:548:10
    |
548 | pub enum Result<T, E> {
    |          ^^^^^^ -  -
help: add missing generic argument
    |
  6 | pub fn hash(password: String) -> Result<String, E> {
    |                                               +++

error[E0107]: enum takes 2 generic arguments but 1 generic argument was supplied
   --> src/infrastructure/argon2/mod.rs:18:61
    |
 18 | pub fn verify(password: String, hashed_password: String) -> Result<bool> {
    |                                                             ^^^^^^ ---- supplied 1 generic argument
    |                                                             |
    |                                                             expected 2 generic arguments
    |
note: enum defined here, with 2 generic parameters: `T`, `E`
   --> /Users/arthur/.rustup/toolchains/stable-aarch64-apple-darwin/lib/rustlib/src/rust/library/core/src/result.rs:548:10
    |
548 | pub enum Result<T, E> {
    |          ^^^^^^ -  -
help: add missing generic argument
    |
 18 | pub fn verify(password: String, hashed_password: String) -> Result<bool, E> {
    |                                                                        +++

Some errors have detailed explanations: E0107, E0405, E0412, E0422, E0425, E0432, E0433, E0583.
For more information about an error, try `rustc --explain E0107`.
warning: `pochinki` (lib) generated 8 warnings
error: could not compile `pochinki` (lib) due to 33 previous errors; 8 warnings emitted
